<?xml version="1.0" encoding="UTF-8"?>
<testng-results total="2" passed="2" failed="0" skipped="0">
  <reporter-output>
  </reporter-output>
  <suite started-at="2023-02-03T10:46:33Z" name="Suite1" finished-at="2023-02-03T10:46:50Z" duration-ms="16501">
    <groups>
    </groups>
    <test started-at="2023-02-03T10:46:33Z" name="Nopackage" finished-at="2023-02-03T10:46:50Z" duration-ms="16501">
      <class name="com.hrms.testscripts.TC001">
        <test-method signature="tc001()[pri:0, instance:com.hrms.testscripts.TC001@6a28ffa4]" started-at="2023-02-03T16:16:33Z" name="tc001" finished-at="2023-02-03T16:16:42Z" duration-ms="8585" status="PASS">
          <reporter-output>
          </reporter-output>
        </test-method> <!-- tc001 -->
      </class> <!-- com.hrms.testscripts.TC001 -->
      <class name="com.hrms.testscripts.TC002">
        <test-method signature="Tc002()[pri:0, instance:com.hrms.testscripts.TC002@3f197a46]" started-at="2023-02-03T16:16:42Z" name="Tc002" finished-at="2023-02-03T16:16:50Z" duration-ms="7904" status="PASS">
          <reporter-output>
          </reporter-output>
        </test-method> <!-- Tc002 -->
      </class> <!-- com.hrms.testscripts.TC002 -->
    </test> <!-- Nopackage -->
  </suite> <!-- Suite1 -->
</testng-results>
